# JRE version: OpenJDK Runtime Environment (7.0_65-b32) (build 1.7.0_65-b32)
# Java VM: OpenJDK 64-Bit Server VM (24.65-b04 mixed mode linux-amd64 compressed oops)
Heap
 PSYoungGen      total 143360K, used 24554K [0x00000000ebd00000, 0x00000000f6900000, 0x0000000100000000)
  eden space 118784K, 0% used [0x00000000ebd00000,0x00000000ebd00000,0x00000000f3100000)
  from space 24576K, 99% used [0x00000000f3100000,0x00000000f48fab98,0x00000000f4900000)
  to   space 16384K, 0% used [0x00000000f4900000,0x00000000f4900000,0x00000000f5900000)
 ParOldGen       total 44032K, used 43819K [0x00000000c3800000, 0x00000000c6300000, 0x00000000ebd00000)
  object space 44032K, 99% used [0x00000000c3800000,0x00000000c62cad58,0x00000000c6300000)
 PSPermGen       total 21504K, used 9159K [0x00000000b9200000, 0x00000000ba700000, 0x00000000c3800000)
  object space 21504K, 42% used [0x00000000b9200000,0x00000000b9af1f38,0x00000000ba700000)
GC Heap History (10 events):
Event: 0.232 GC heap after
Heap after GC invocations=2 (full 0):
 PSYoungGen      total 34304K, used 1616K [0x00000000ebd00000, 0x00000000ee100000, 0x0000000100000000)
  eden space 31744K, 0% used [0x00000000ebd00000,0x00000000ebd00000,0x00000000edc00000)
  from space 2560K, 63% used [0x00000000ede80000,0x00000000ee014010,0x00000000ee100000)
  to   space 2560K, 0% used [0x00000000edc00000,0x00000000edc00000,0x00000000ede80000)
 ParOldGen       total 40960K, used 8K [0x00000000c3800000, 0x00000000c6000000, 0x00000000ebd00000)
  object space 40960K, 0% used [0x00000000c3800000,0x00000000c3802000,0x00000000c6000000)
 PSPermGen       total 21504K, used 2862K [0x00000000b9200000, 0x00000000ba700000, 0x00000000c3800000)
  object space 21504K, 13% used [0x00000000b9200000,0x00000000b94cbbf0,0x00000000ba700000)
}
Event: 0.340 GC heap before
{Heap before GC invocations=3 (full 0):
 PSYoungGen      total 34304K, used 33360K [0x00000000ebd00000, 0x00000000ee100000, 0x0000000100000000)
  eden space 31744K, 100% used [0x00000000ebd00000,0x00000000edc00000,0x00000000edc00000)
  from space 2560K, 63% used [0x00000000ede80000,0x00000000ee014010,0x00000000ee100000)
  to   space 2560K, 0% used [0x00000000edc00000,0x00000000edc00000,0x00000000ede80000)
 ParOldGen       total 40960K, used 8K [0x00000000c3800000, 0x00000000c6000000, 0x00000000ebd00000)
  object space 40960K, 0% used [0x00000000c3800000,0x00000000c3802000,0x00000000c6000000)
 PSPermGen       total 21504K, used 2879K [0x00000000b9200000, 0x00000000ba700000, 0x00000000c3800000)
  object space 21504K, 13% used [0x00000000b9200000,0x00000000b94cfe98,0x00000000ba700000)
Event: 0.342 GC heap after
Heap after GC invocations=3 (full 0):
 PSYoungGen      total 34304K, used 2544K [0x00000000ebd00000, 0x00000000f0000000, 0x0000000100000000)
  eden space 31744K, 0% used [0x00000000ebd00000,0x00000000ebd00000,0x00000000edc00000)
  from space 2560K, 99% used [0x00000000edc00000,0x00000000ede7c030,0x00000000ede80000)
  to   space 2560K, 0% used [0x00000000efd80000,0x00000000efd80000,0x00000000f0000000)
 ParOldGen       total 40960K, used 144K [0x00000000c3800000, 0x00000000c6000000, 0x00000000ebd00000)
  object space 40960K, 0% used [0x00000000c3800000,0x00000000c3824000,0x00000000c6000000)
 PSPermGen       total 21504K, used 2879K [0x00000000b9200000, 0x00000000ba700000, 0x00000000c3800000)
  object space 21504K, 13% used [0x00000000b9200000,0x00000000b94cfe98,0x00000000ba700000)
}
Event: 0.723 GC heap before
{Heap before GC invocations=4 (full 0):
 PSYoungGen      total 34304K, used 34288K [0x00000000ebd00000, 0x00000000f0000000, 0x0000000100000000)
  eden space 31744K, 100% used [0x00000000ebd00000,0x00000000edc00000,0x00000000edc00000)
  from space 2560K, 99% used [0x00000000edc00000,0x00000000ede7c030,0x00000000ede80000)
  to   space 2560K, 0% used [0x00000000efd80000,0x00000000efd80000,0x00000000f0000000)
 ParOldGen       total 40960K, used 144K [0x00000000c3800000, 0x00000000c6000000, 0x00000000ebd00000)
  object space 40960K, 0% used [0x00000000c3800000,0x00000000c3824000,0x00000000c6000000)
 PSPermGen       total 21504K, used 7605K [0x00000000b9200000, 0x00000000ba700000, 0x00000000c3800000)
  object space 21504K, 35% used [0x00000000b9200000,0x00000000b996d5c0,0x00000000ba700000)
Event: 0.729 GC heap after
Heap after GC invocations=4 (full 0):
 PSYoungGen      total 66048K, used 2543K [0x00000000ebd00000, 0x00000000f0000000, 0x0000000100000000)
  eden space 63488K, 0% used [0x00000000ebd00000,0x00000000ebd00000,0x00000000efb00000)
  from space 2560K, 99% used [0x00000000efd80000,0x00000000efffbec8,0x00000000f0000000)
  to   space 2560K, 0% used [0x00000000efb00000,0x00000000efb00000,0x00000000efd80000)
 ParOldGen       total 40960K, used 2642K [0x00000000c3800000, 0x00000000c6000000, 0x00000000ebd00000)
  object space 40960K, 6% used [0x00000000c3800000,0x00000000c3a94880,0x00000000c6000000)
 PSPermGen       total 21504K, used 7605K [0x00000000b9200000, 0x00000000ba700000, 0x00000000c3800000)
  object space 21504K, 35% used [0x00000000b9200000,0x00000000b996d5c0,0x00000000ba700000)
}
Event: 173.847 GC heap before
{Heap before GC invocations=5 (full 0):
 PSYoungGen      total 66048K, used 66031K [0x00000000ebd00000, 0x00000000f0000000, 0x0000000100000000)
  eden space 63488K, 100% used [0x00000000ebd00000,0x00000000efb00000,0x00000000efb00000)
  from space 2560K, 99% used [0x00000000efd80000,0x00000000efffbec8,0x00000000f0000000)
  to   space 2560K, 0% used [0x00000000efb00000,0x00000000efb00000,0x00000000efd80000)
 ParOldGen       total 40960K, used 2642K [0x00000000c3800000, 0x00000000c6000000, 0x00000000ebd00000)
  object space 40960K, 6% used [0x00000000c3800000,0x00000000c3a94880,0x00000000c6000000)
 PSPermGen       total 21504K, used 9145K [0x00000000b9200000, 0x00000000ba700000, 0x00000000c3800000)
  object space 21504K, 42% used [0x00000000b9200000,0x00000000b9aee770,0x00000000ba700000)
Event: 173.881 GC heap after
Heap after GC invocations=5 (full 0):
 PSYoungGen      total 66048K, used 2529K [0x00000000ebd00000, 0x00000000f5900000, 0x0000000100000000)
  eden space 63488K, 0% used [0x00000000ebd00000,0x00000000ebd00000,0x00000000efb00000)
  from space 2560K, 98% used [0x00000000efb00000,0x00000000efd784f8,0x00000000efd80000)
  to   space 16384K, 0% used [0x00000000f4900000,0x00000000f4900000,0x00000000f5900000)
 ParOldGen       total 40960K, used 19769K [0x00000000c3800000, 0x00000000c6000000, 0x00000000ebd00000)
  object space 40960K, 48% used [0x00000000c3800000,0x00000000c4b4e570,0x00000000c6000000)
 PSPermGen       total 21504K, used 9145K [0x00000000b9200000, 0x00000000ba700000, 0x00000000c3800000)
  object space 21504K, 42% used [0x00000000b9200000,0x00000000b9aee770,0x00000000ba700000)
}
Event: 401.860 GC heap before
{Heap before GC invocations=6 (full 0):
 PSYoungGen      total 66048K, used 66017K [0x00000000ebd00000, 0x00000000f5900000, 0x0000000100000000)
  eden space 63488K, 100% used [0x00000000ebd00000,0x00000000efb00000,0x00000000efb00000)
  from space 2560K, 98% used [0x00000000efb00000,0x00000000efd784f8,0x00000000efd80000)
  to   space 16384K, 0% used [0x00000000f4900000,0x00000000f4900000,0x00000000f5900000)
 ParOldGen       total 40960K, used 19769K [0x00000000c3800000, 0x00000000c6000000, 0x00000000ebd00000)
  object space 40960K, 48% used [0x00000000c3800000,0x00000000c4b4e570,0x00000000c6000000)
 PSPermGen       total 21504K, used 9157K [0x00000000b9200000, 0x00000000ba700000, 0x00000000c3800000)
  object space 21504K, 42% used [0x00000000b9200000,0x00000000b9af1410,0x00000000ba700000)
Event: 401.897 GC heap after
Heap after GC invocations=6 (full 0):
 PSYoungGen      total 135168K, used 16370K [0x00000000ebd00000, 0x00000000f6900000, 0x0000000100000000)
  eden space 118784K, 0% used [0x00000000ebd00000,0x00000000ebd00000,0x00000000f3100000)
  from space 16384K, 99% used [0x00000000f4900000,0x00000000f58fc8c0,0x00000000f5900000)
  to   space 24576K, 0% used [0x00000000f3100000,0x00000000f3100000,0x00000000f4900000)
 ParOldGen       total 40960K, used 26747K [0x00000000c3800000, 0x00000000c6000000, 0x00000000ebd00000)
  object space 40960K, 65% used [0x00000000c3800000,0x00000000c521ef80,0x00000000c6000000)
 PSPermGen       total 21504K, used 9157K [0x00000000b9200000, 0x00000000ba700000, 0x00000000c3800000)
  object space 21504K, 42% used [0x00000000b9200000,0x00000000b9af1410,0x00000000ba700000)
}
Event: 1071.956 GC heap before
{Heap before GC invocations=7 (full 0):
 PSYoungGen      total 135168K, used 135154K [0x00000000ebd00000, 0x00000000f6900000, 0x0000000100000000)
  eden space 118784K, 100% used [0x00000000ebd00000,0x00000000f3100000,0x00000000f3100000)
  from space 16384K, 99% used [0x00000000f4900000,0x00000000f58fc8c0,0x00000000f5900000)
  to   space 24576K, 0% used [0x00000000f3100000,0x00000000f3100000,0x00000000f4900000)
 ParOldGen       total 40960K, used 26747K [0x00000000c3800000, 0x00000000c6000000, 0x00000000ebd00000)
  object space 40960K, 65% used [0x00000000c3800000,0x00000000c521ef80,0x00000000c6000000)
 PSPermGen       total 21504K, used 9159K [0x00000000b9200000, 0x00000000ba700000, 0x00000000c3800000)
  object space 21504K, 42% used [0x00000000b9200000,0x00000000b9af1f38,0x00000000ba700000)

