# JRE version: OpenJDK Runtime Environment (7.0_65-b32) (build 1.7.0_65-b32)
# Java VM: OpenJDK 64-Bit Server VM (24.65-b04 mixed mode linux-amd64 compressed oops)
Heap
 PSYoungGen      total 143872K, used 24554K [0x00000000e0c00000, 0x00000000eb800000, 0x0000000100000000)
  eden space 119296K, 0% used [0x00000000e0c00000,0x00000000e0c00000,0x00000000e8080000)
  from space 24576K, 99% used [0x00000000e8080000,0x00000000e987ab98,0x00000000e9880000)
  to   space 16896K, 0% used [0x00000000e9880000,0x00000000e9880000,0x00000000ea900000)
 ParOldGen       total 44032K, used 43544K [0x00000000a2400000, 0x00000000a4f00000, 0x00000000e0c00000)
  object space 44032K, 98% used [0x00000000a2400000,0x00000000a4e86208,0x00000000a4f00000)
 PSPermGen       total 21504K, used 9159K [0x0000000097e00000, 0x0000000099300000, 0x00000000a2400000)
  object space 21504K, 42% used [0x0000000097e00000,0x00000000986f1f38,0x0000000099300000)
GC Heap History (10 events):
Event: 0.237 GC heap after
Heap after GC invocations=2 (full 0):
 PSYoungGen      total 34304K, used 1600K [0x00000000e0c00000, 0x00000000e3000000, 0x0000000100000000)
  eden space 31744K, 0% used [0x00000000e0c00000,0x00000000e0c00000,0x00000000e2b00000)
  from space 2560K, 62% used [0x00000000e2d80000,0x00000000e2f10020,0x00000000e3000000)
  to   space 2560K, 0% used [0x00000000e2b00000,0x00000000e2b00000,0x00000000e2d80000)
 ParOldGen       total 40960K, used 0K [0x00000000a2400000, 0x00000000a4c00000, 0x00000000e0c00000)
  object space 40960K, 0% used [0x00000000a2400000,0x00000000a2400000,0x00000000a4c00000)
 PSPermGen       total 21504K, used 2862K [0x0000000097e00000, 0x0000000099300000, 0x00000000a2400000)
  object space 21504K, 13% used [0x0000000097e00000,0x00000000980cbbf0,0x0000000099300000)
}
Event: 0.336 GC heap before
{Heap before GC invocations=3 (full 0):
 PSYoungGen      total 34304K, used 33344K [0x00000000e0c00000, 0x00000000e3000000, 0x0000000100000000)
  eden space 31744K, 100% used [0x00000000e0c00000,0x00000000e2b00000,0x00000000e2b00000)
  from space 2560K, 62% used [0x00000000e2d80000,0x00000000e2f10020,0x00000000e3000000)
  to   space 2560K, 0% used [0x00000000e2b00000,0x00000000e2b00000,0x00000000e2d80000)
 ParOldGen       total 40960K, used 0K [0x00000000a2400000, 0x00000000a4c00000, 0x00000000e0c00000)
  object space 40960K, 0% used [0x00000000a2400000,0x00000000a2400000,0x00000000a4c00000)
 PSPermGen       total 21504K, used 2879K [0x0000000097e00000, 0x0000000099300000, 0x00000000a2400000)
  object space 21504K, 13% used [0x0000000097e00000,0x00000000980cfcc8,0x0000000099300000)
Event: 0.338 GC heap after
Heap after GC invocations=3 (full 0):
 PSYoungGen      total 34304K, used 2544K [0x00000000e0c00000, 0x00000000e4f00000, 0x0000000100000000)
  eden space 31744K, 0% used [0x00000000e0c00000,0x00000000e0c00000,0x00000000e2b00000)
  from space 2560K, 99% used [0x00000000e2b00000,0x00000000e2d7c030,0x00000000e2d80000)
  to   space 2560K, 0% used [0x00000000e4c80000,0x00000000e4c80000,0x00000000e4f00000)
 ParOldGen       total 40960K, used 144K [0x00000000a2400000, 0x00000000a4c00000, 0x00000000e0c00000)
  object space 40960K, 0% used [0x00000000a2400000,0x00000000a2424000,0x00000000a4c00000)
 PSPermGen       total 21504K, used 2879K [0x0000000097e00000, 0x0000000099300000, 0x00000000a2400000)
  object space 21504K, 13% used [0x0000000097e00000,0x00000000980cfcc8,0x0000000099300000)
}
Event: 0.936 GC heap before
{Heap before GC invocations=4 (full 0):
 PSYoungGen      total 34304K, used 34288K [0x00000000e0c00000, 0x00000000e4f00000, 0x0000000100000000)
  eden space 31744K, 100% used [0x00000000e0c00000,0x00000000e2b00000,0x00000000e2b00000)
  from space 2560K, 99% used [0x00000000e2b00000,0x00000000e2d7c030,0x00000000e2d80000)
  to   space 2560K, 0% used [0x00000000e4c80000,0x00000000e4c80000,0x00000000e4f00000)
 ParOldGen       total 40960K, used 144K [0x00000000a2400000, 0x00000000a4c00000, 0x00000000e0c00000)
  object space 40960K, 0% used [0x00000000a2400000,0x00000000a2424000,0x00000000a4c00000)
 PSPermGen       total 21504K, used 7605K [0x0000000097e00000, 0x0000000099300000, 0x00000000a2400000)
  object space 21504K, 35% used [0x0000000097e00000,0x000000009856d5c0,0x0000000099300000)
Event: 0.943 GC heap after
Heap after GC invocations=4 (full 0):
 PSYoungGen      total 66048K, used 2559K [0x00000000e0c00000, 0x00000000e4f00000, 0x0000000100000000)
  eden space 63488K, 0% used [0x00000000e0c00000,0x00000000e0c00000,0x00000000e4a00000)
  from space 2560K, 99% used [0x00000000e4c80000,0x00000000e4effeb8,0x00000000e4f00000)
  to   space 2560K, 0% used [0x00000000e4a00000,0x00000000e4a00000,0x00000000e4c80000)
 ParOldGen       total 40960K, used 2618K [0x00000000a2400000, 0x00000000a4c00000, 0x00000000e0c00000)
  object space 40960K, 6% used [0x00000000a2400000,0x00000000a268e880,0x00000000a4c00000)
 PSPermGen       total 21504K, used 7605K [0x0000000097e00000, 0x0000000099300000, 0x00000000a2400000)
  object space 21504K, 35% used [0x0000000097e00000,0x000000009856d5c0,0x0000000099300000)
}
Event: 99.018 GC heap before
{Heap before GC invocations=5 (full 0):
 PSYoungGen      total 66048K, used 66047K [0x00000000e0c00000, 0x00000000e4f00000, 0x0000000100000000)
  eden space 63488K, 100% used [0x00000000e0c00000,0x00000000e4a00000,0x00000000e4a00000)
  from space 2560K, 99% used [0x00000000e4c80000,0x00000000e4effeb8,0x00000000e4f00000)
  to   space 2560K, 0% used [0x00000000e4a00000,0x00000000e4a00000,0x00000000e4c80000)
 ParOldGen       total 40960K, used 2618K [0x00000000a2400000, 0x00000000a4c00000, 0x00000000e0c00000)
  object space 40960K, 6% used [0x00000000a2400000,0x00000000a268e880,0x00000000a4c00000)
 PSPermGen       total 21504K, used 9145K [0x0000000097e00000, 0x0000000099300000, 0x00000000a2400000)
  object space 21504K, 42% used [0x0000000097e00000,0x00000000986ee770,0x0000000099300000)
Event: 99.052 GC heap after
Heap after GC invocations=5 (full 0):
 PSYoungGen      total 66048K, used 2545K [0x00000000e0c00000, 0x00000000ea900000, 0x0000000100000000)
  eden space 63488K, 0% used [0x00000000e0c00000,0x00000000e0c00000,0x00000000e4a00000)
  from space 2560K, 99% used [0x00000000e4a00000,0x00000000e4c7c508,0x00000000e4c80000)
  to   space 16896K, 0% used [0x00000000e9880000,0x00000000e9880000,0x00000000ea900000)
 ParOldGen       total 40960K, used 19750K [0x00000000a2400000, 0x00000000a4c00000, 0x00000000e0c00000)
  object space 40960K, 48% used [0x00000000a2400000,0x00000000a3749a20,0x00000000a4c00000)
 PSPermGen       total 21504K, used 9145K [0x0000000097e00000, 0x0000000099300000, 0x00000000a2400000)
  object space 21504K, 42% used [0x0000000097e00000,0x00000000986ee770,0x0000000099300000)
}
Event: 416.923 GC heap before
{Heap before GC invocations=6 (full 0):
 PSYoungGen      total 66048K, used 66033K [0x00000000e0c00000, 0x00000000ea900000, 0x0000000100000000)
  eden space 63488K, 100% used [0x00000000e0c00000,0x00000000e4a00000,0x00000000e4a00000)
  from space 2560K, 99% used [0x00000000e4a00000,0x00000000e4c7c508,0x00000000e4c80000)
  to   space 16896K, 0% used [0x00000000e9880000,0x00000000e9880000,0x00000000ea900000)
 ParOldGen       total 40960K, used 19750K [0x00000000a2400000, 0x00000000a4c00000, 0x00000000e0c00000)
  object space 40960K, 48% used [0x00000000a2400000,0x00000000a3749a20,0x00000000a4c00000)
 PSPermGen       total 21504K, used 9145K [0x0000000097e00000, 0x0000000099300000, 0x00000000a2400000)
  object space 21504K, 42% used [0x0000000097e00000,0x00000000986ee770,0x0000000099300000)
Event: 416.965 GC heap after
Heap after GC invocations=6 (full 0):
 PSYoungGen      total 136192K, used 16866K [0x00000000e0c00000, 0x00000000eb800000, 0x0000000100000000)
  eden space 119296K, 0% used [0x00000000e0c00000,0x00000000e0c00000,0x00000000e8080000)
  from space 16896K, 99% used [0x00000000e9880000,0x00000000ea8f88b0,0x00000000ea900000)
  to   space 24576K, 0% used [0x00000000e8080000,0x00000000e8080000,0x00000000e9880000)
 ParOldGen       total 40960K, used 26273K [0x00000000a2400000, 0x00000000a4c00000, 0x00000000e0c00000)
  object space 40960K, 64% used [0x00000000a2400000,0x00000000a3da8430,0x00000000a4c00000)
 PSPermGen       total 21504K, used 9145K [0x0000000097e00000, 0x0000000099300000, 0x00000000a2400000)
  object space 21504K, 42% used [0x0000000097e00000,0x00000000986ee770,0x0000000099300000)
}
Event: 1308.028 GC heap before
{Heap before GC invocations=7 (full 0):
 PSYoungGen      total 136192K, used 136162K [0x00000000e0c00000, 0x00000000eb800000, 0x0000000100000000)
  eden space 119296K, 100% used [0x00000000e0c00000,0x00000000e8080000,0x00000000e8080000)
  from space 16896K, 99% used [0x00000000e9880000,0x00000000ea8f88b0,0x00000000ea900000)
  to   space 24576K, 0% used [0x00000000e8080000,0x00000000e8080000,0x00000000e9880000)
 ParOldGen       total 40960K, used 26273K [0x00000000a2400000, 0x00000000a4c00000, 0x00000000e0c00000)
  object space 40960K, 64% used [0x00000000a2400000,0x00000000a3da8430,0x00000000a4c00000)
 PSPermGen       total 21504K, used 9159K [0x0000000097e00000, 0x0000000099300000, 0x00000000a2400000)
  object space 21504K, 42% used [0x0000000097e00000,0x00000000986f1f38,0x0000000099300000)

