# JRE version: OpenJDK Runtime Environment (7.0_65-b32) (build 1.7.0_65-b32)
# Java VM: OpenJDK 64-Bit Server VM (24.65-b04 mixed mode linux-amd64 compressed oops)
Heap
 PSYoungGen      total 209408K, used 8704K [0x00000000ebd00000, 0x00000000f9300000, 0x0000000100000000)
  eden space 200704K, 0% used [0x00000000ebd00000,0x00000000ebd00000,0x00000000f8100000)
  from space 8704K, 100% used [0x00000000f8100000,0x00000000f8980000,0x00000000f8980000)
  to   space 7680K, 0% used [0x00000000f8980000,0x00000000f8980000,0x00000000f9100000)
 ParOldGen       total 40960K, used 20974K [0x00000000c3800000, 0x00000000c6000000, 0x00000000ebd00000)
  object space 40960K, 51% used [0x00000000c3800000,0x00000000c4c7b858,0x00000000c6000000)
 PSPermGen       total 21504K, used 9769K [0x00000000b9200000, 0x00000000ba700000, 0x00000000c3800000)
  object space 21504K, 45% used [0x00000000b9200000,0x00000000b9b8a4a0,0x00000000ba700000)
GC Heap History (10 events):
Event: 2.049 GC heap after
Heap after GC invocations=6 (full 0):
 PSYoungGen      total 68096K, used 3952K [0x00000000ebd00000, 0x00000000f0400000, 0x0000000100000000)
  eden space 63488K, 0% used [0x00000000ebd00000,0x00000000ebd00000,0x00000000efb00000)
  from space 4608K, 85% used [0x00000000eff80000,0x00000000f035c030,0x00000000f0400000)
  to   space 4608K, 0% used [0x00000000efb00000,0x00000000efb00000,0x00000000eff80000)
 ParOldGen       total 40960K, used 3519K [0x00000000c3800000, 0x00000000c6000000, 0x00000000ebd00000)
  object space 40960K, 8% used [0x00000000c3800000,0x00000000c3b6fe70,0x00000000c6000000)
 PSPermGen       total 21504K, used 9215K [0x00000000b9200000, 0x00000000ba700000, 0x00000000c3800000)
  object space 21504K, 42% used [0x00000000b9200000,0x00000000b9affd50,0x00000000ba700000)
}
Event: 2.157 GC heap before
{Heap before GC invocations=7 (full 0):
 PSYoungGen      total 68096K, used 67440K [0x00000000ebd00000, 0x00000000f0400000, 0x0000000100000000)
  eden space 63488K, 100% used [0x00000000ebd00000,0x00000000efb00000,0x00000000efb00000)
  from space 4608K, 85% used [0x00000000eff80000,0x00000000f035c030,0x00000000f0400000)
  to   space 4608K, 0% used [0x00000000efb00000,0x00000000efb00000,0x00000000eff80000)
 ParOldGen       total 40960K, used 3519K [0x00000000c3800000, 0x00000000c6000000, 0x00000000ebd00000)
  object space 40960K, 8% used [0x00000000c3800000,0x00000000c3b6fe70,0x00000000c6000000)
 PSPermGen       total 21504K, used 9230K [0x00000000b9200000, 0x00000000ba700000, 0x00000000c3800000)
  object space 21504K, 42% used [0x00000000b9200000,0x00000000b9b03bc8,0x00000000ba700000)
Event: 2.163 GC heap after
Heap after GC invocations=7 (full 0):
 PSYoungGen      total 68096K, used 4608K [0x00000000ebd00000, 0x00000000f4500000, 0x0000000100000000)
  eden space 63488K, 0% used [0x00000000ebd00000,0x00000000ebd00000,0x00000000efb00000)
  from space 4608K, 100% used [0x00000000efb00000,0x00000000eff80000,0x00000000eff80000)
  to   space 6144K, 0% used [0x00000000f3f00000,0x00000000f3f00000,0x00000000f4500000)
 ParOldGen       total 40960K, used 5233K [0x00000000c3800000, 0x00000000c6000000, 0x00000000ebd00000)
  object space 40960K, 12% used [0x00000000c3800000,0x00000000c3d1c5d0,0x00000000c6000000)
 PSPermGen       total 21504K, used 9230K [0x00000000b9200000, 0x00000000ba700000, 0x00000000c3800000)
  object space 21504K, 42% used [0x00000000b9200000,0x00000000b9b03bc8,0x00000000ba700000)
}
Event: 2.232 GC heap before
{Heap before GC invocations=8 (full 0):
 PSYoungGen      total 68096K, used 68096K [0x00000000ebd00000, 0x00000000f4500000, 0x0000000100000000)
  eden space 63488K, 100% used [0x00000000ebd00000,0x00000000efb00000,0x00000000efb00000)
  from space 4608K, 100% used [0x00000000efb00000,0x00000000eff80000,0x00000000eff80000)
  to   space 6144K, 0% used [0x00000000f3f00000,0x00000000f3f00000,0x00000000f4500000)
 ParOldGen       total 40960K, used 5233K [0x00000000c3800000, 0x00000000c6000000, 0x00000000ebd00000)
  object space 40960K, 12% used [0x00000000c3800000,0x00000000c3d1c5d0,0x00000000c6000000)
 PSPermGen       total 21504K, used 9249K [0x00000000b9200000, 0x00000000ba700000, 0x00000000c3800000)
  object space 21504K, 43% used [0x00000000b9200000,0x00000000b9b08790,0x00000000ba700000)
Event: 2.237 GC heap after
Heap after GC invocations=8 (full 0):
 PSYoungGen      total 132096K, used 6144K [0x00000000ebd00000, 0x00000000f4700000, 0x0000000100000000)
  eden space 125952K, 0% used [0x00000000ebd00000,0x00000000ebd00000,0x00000000f3800000)
  from space 6144K, 100% used [0x00000000f3f00000,0x00000000f4500000,0x00000000f4500000)
  to   space 7168K, 0% used [0x00000000f3800000,0x00000000f3800000,0x00000000f3f00000)
 ParOldGen       total 40960K, used 6257K [0x00000000c3800000, 0x00000000c6000000, 0x00000000ebd00000)
  object space 40960K, 15% used [0x00000000c3800000,0x00000000c3e1c5d0,0x00000000c6000000)
 PSPermGen       total 21504K, used 9249K [0x00000000b9200000, 0x00000000ba700000, 0x00000000c3800000)
  object space 21504K, 43% used [0x00000000b9200000,0x00000000b9b08790,0x00000000ba700000)
}
Event: 13.445 GC heap before
{Heap before GC invocations=9 (full 0):
 PSYoungGen      total 132096K, used 132096K [0x00000000ebd00000, 0x00000000f4700000, 0x0000000100000000)
  eden space 125952K, 100% used [0x00000000ebd00000,0x00000000f3800000,0x00000000f3800000)
  from space 6144K, 100% used [0x00000000f3f00000,0x00000000f4500000,0x00000000f4500000)
  to   space 7168K, 0% used [0x00000000f3800000,0x00000000f3800000,0x00000000f3f00000)
 ParOldGen       total 40960K, used 6257K [0x00000000c3800000, 0x00000000c6000000, 0x00000000ebd00000)
  object space 40960K, 15% used [0x00000000c3800000,0x00000000c3e1c5d0,0x00000000c6000000)
 PSPermGen       total 21504K, used 9707K [0x00000000b9200000, 0x00000000ba700000, 0x00000000c3800000)
  object space 21504K, 45% used [0x00000000b9200000,0x00000000b9b7ac28,0x00000000ba700000)
Event: 13.450 GC heap after
Heap after GC invocations=9 (full 0):
 PSYoungGen      total 133120K, used 6325K [0x00000000ebd00000, 0x00000000f9100000, 0x0000000100000000)
  eden space 125952K, 0% used [0x00000000ebd00000,0x00000000ebd00000,0x00000000f3800000)
  from space 7168K, 88% used [0x00000000f3800000,0x00000000f3e2d540,0x00000000f3f00000)
  to   space 7680K, 0% used [0x00000000f8980000,0x00000000f8980000,0x00000000f9100000)
 ParOldGen       total 40960K, used 8145K [0x00000000c3800000, 0x00000000c6000000, 0x00000000ebd00000)
  object space 40960K, 19% used [0x00000000c3800000,0x00000000c3ff45d0,0x00000000c6000000)
 PSPermGen       total 21504K, used 9707K [0x00000000b9200000, 0x00000000ba700000, 0x00000000c3800000)
  object space 21504K, 45% used [0x00000000b9200000,0x00000000b9b7ac28,0x00000000ba700000)
}
Event: 19.622 GC heap before
{Heap before GC invocations=10 (full 0):
 PSYoungGen      total 133120K, used 132277K [0x00000000ebd00000, 0x00000000f9100000, 0x0000000100000000)
  eden space 125952K, 100% used [0x00000000ebd00000,0x00000000f3800000,0x00000000f3800000)
  from space 7168K, 88% used [0x00000000f3800000,0x00000000f3e2d540,0x00000000f3f00000)
  to   space 7680K, 0% used [0x00000000f8980000,0x00000000f8980000,0x00000000f9100000)
 ParOldGen       total 40960K, used 8145K [0x00000000c3800000, 0x00000000c6000000, 0x00000000ebd00000)
  object space 40960K, 19% used [0x00000000c3800000,0x00000000c3ff45d0,0x00000000c6000000)
 PSPermGen       total 21504K, used 9749K [0x00000000b9200000, 0x00000000ba700000, 0x00000000c3800000)
  object space 21504K, 45% used [0x00000000b9200000,0x00000000b9b85700,0x00000000ba700000)
Event: 19.644 GC heap after
Heap after GC invocations=10 (full 0):
 PSYoungGen      total 208384K, used 7043K [0x00000000ebd00000, 0x00000000f9300000, 0x0000000100000000)
  eden space 200704K, 0% used [0x00000000ebd00000,0x00000000ebd00000,0x00000000f8100000)
  from space 7680K, 91% used [0x00000000f8980000,0x00000000f9060f18,0x00000000f9100000)
  to   space 8704K, 0% used [0x00000000f8100000,0x00000000f8100000,0x00000000f8980000)
 ParOldGen       total 40960K, used 12632K [0x00000000c3800000, 0x00000000c6000000, 0x00000000ebd00000)
  object space 40960K, 30% used [0x00000000c3800000,0x00000000c44562d0,0x00000000c6000000)
 PSPermGen       total 21504K, used 9749K [0x00000000b9200000, 0x00000000ba700000, 0x00000000c3800000)
  object space 21504K, 45% used [0x00000000b9200000,0x00000000b9b85700,0x00000000ba700000)
}
Event: 33.728 GC heap before
{Heap before GC invocations=11 (full 0):
 PSYoungGen      total 208384K, used 207747K [0x00000000ebd00000, 0x00000000f9300000, 0x0000000100000000)
  eden space 200704K, 100% used [0x00000000ebd00000,0x00000000f8100000,0x00000000f8100000)
  from space 7680K, 91% used [0x00000000f8980000,0x00000000f9060f18,0x00000000f9100000)
  to   space 8704K, 0% used [0x00000000f8100000,0x00000000f8100000,0x00000000f8980000)
 ParOldGen       total 40960K, used 12632K [0x00000000c3800000, 0x00000000c6000000, 0x00000000ebd00000)
  object space 40960K, 30% used [0x00000000c3800000,0x00000000c44562d0,0x00000000c6000000)
 PSPermGen       total 21504K, used 9769K [0x00000000b9200000, 0x00000000ba700000, 0x00000000c3800000)
  object space 21504K, 45% used [0x00000000b9200000,0x00000000b9b8a4a0,0x00000000ba700000)

